Visual Class Library f:\udyogerpsdk_2.2.0\class\standardui.vcx has the following errors:
    Unknown BARSTAT - Undefined

Form e:\...\bug_33359\my changes\transaction\27-04-2020\ueqc\ueqc\frmqc.scx has the following errors:
    Unknown UEGETPOP - Undefined
    Unknown UDTRIGQCCNTRLFINALUPDT - Undefined

Visual Class Library f:\udyogerpsdk_2.2.0\class\vouclass.vcx has the following errors:
    Unknown UEGETPOP - Undefined
    Proc./Func. UENRENTRY - Undefined
    Form UEFRM_OPWKITEMALLOCATION - Undefined
    Unknown UDAPPVOUITFIRE - Undefined
    Unknown UDTRIGVOUITFIRE - Undefined
    Unknown UETRIGVOUITFIRE - Undefined
    Proc./Func. UEEXTRA - Undefined
    Proc./Func. UDAPPVOUXTRACLOSE - Undefined
    Proc./Func. UDTRIGVOUXTRACLOSE - Undefined
    Proc./Func. UETRIGVOUXTRACLOSE - Undefined
    Form PTSRCH - Undefined
    Proc./Func. UEMARKSMAST - Undefined
    Form UEFRM_GST_ADJ - Undefined
    Application UEDUTYDEBIT - Undefined
    Application UDAPPSUPPLIMENTORY - Undefined
    Application UEFRMGSTADJ - Undefined
    Application UDAPPRCMDET - Undefined
    Application UDAPPGSTR_STATUS - Undefined
    Application UETDSPAYMENT - Undefined
    Application UEEMPPAYROLLPOSTING - Undefined
    Form UEETITDETINAR - Undefined
    Form UEETDETAILINAR - Undefined
    Form UEETITDETINDC - Undefined
    Form UEETDETAILINDC - Undefined
    Form UEETDETAILINIR - Undefined
    Form UEETDETAILINGT - Undefined
    Form UEFRM_PT_EXDATA1 - Undefined
    Form UEFRM_JV_EXDATA1 - Undefined
    Form UEFRM_ST_EXDATA1 - Undefined
    Form UEFRM_SERVICETAX - Undefined
    Form UEFRM_ST_BOND - Undefined
    Form UEFRM_SR_EXDATA1 - Undefined
    Form UEFRM_SERTAX_DET - Undefined
    Application UESERVICETAXCREDIT - Undefined
    Application UESERVICETAXCREDITACCRUAL - Undefined
    Application UEGSTCHALLANDETAILS - Undefined
    Application UDAPPVOUXTRACLOSE - Undefined
    Program UDTRIGVOUXTRACLOSE - Undefined
    Form UEFRM_DCSTITEMALLOCATION - Undefined
    Form UEFRM_BOMDETAILSIP - Undefined
    Form UEFRM_BOMDETAILSOP - Undefined
    Proc./Func. SAVEOPPTTAXDET - Undefined
    Application UDAPPETVALID - Undefined
    Proc./Func. UEUNITBCSERIALIZE - Undefined

Visual Class Library f:\udyogerpsdk_2.2.0\class\_base.vcx has the following errors:
    Program SETOBJRF - Undefined

