Program d:\svn development\uereport interface\vuchoice.prg has the following errors:
    Unknown APPVERCHK - Undefined

Form d:\svn development\uereport interface\vureport.scx has the following errors:
    Unknown CHKRIGHT - Undefined
    Application UEORDERZOOM_NEW - Undefined
    Application UEORDERZOOM - Undefined
    Proc./Func. UEQUERYEDITOR - Undefined
    Proc./Func. UELEDZOOM - Undefined
    Proc./Func. UEDAYBOOKZOOM - Undefined
    Application UEZOOMINSTOCKLIST - Undefined
    Application UETRIALBALANCE - Undefined
    Application UEMULTICOTRIALBAL - Undefined
    Proc./Func. UECRVIEWER - Undefined
    Proc./Func. UEMAILING - Undefined
    Application UEZOOMINSTOCKLEDGER - Undefined
    Application UEBALANCELIST - Undefined
    Application UESTKITEMMONTHLYSUMMARY - Undefined
    Unknown UEGETPOP - Undefined
    Unknown BARSTAT - Undefined
    Proc./Func. UDAPPREPINIT - Undefined
    Proc./Func. UDTRIGREPINIT - Undefined
    Proc./Func. UETRIGREPINIT - Undefined
    Unknown DEC - Undefined
    Unknown NEWDECRY - Undefined

Form d:\svn development\uereport interface\vuadv.scx has the following errors:
    Unknown UEGETPOP - Undefined

Visual Class Library d:\svn development\uereport interface\gridfind_rep.vcx has the following errors:
    Unknown UEGETPOP - Undefined

