Form d:\1 development\bom\working folder for bug-33526\frmbom.scx has the following errors:
    Application UDAPPSUBBOMADD - Undefined
    Unknown NEWDECRY - Undefined
    Unknown DEC - Undefined
    Program UDAPPSUBBOMADD - Undefined
    Proc./Func. UETRIGSUBBOMADD - Undefined
    Unknown UEGETPOP - Undefined
    Proc./Func. UECRVIEWER - Undefined
    Unknown BARSTAT - Undefined
    Unknown GETCONNECTIONSTRING - Undefined
    Unknown UDAPPMASTFINALUPDATE - Undefined
    Unknown UDTRIGMASTFINALUPDATE - Undefined
    Unknown UETRIGMASTFINALUPDATE - Undefined
    Proc./Func. UEEXTRA - Undefined

Program d:\1 development\bom\working folder for bug-33526\mainbom.prg has the following errors:
    Unknown APPVERCHK - Undefined

Visual Class Library d:\vudyoggst\class\_base.vcx has the following errors:
    Program SETOBJRF - Undefined

Form d:\1 development\bom\working folder for bug-33526\uefrmbyproduct.scx has the following errors:
    Unknown UEGETPOP - Undefined
    Visual Class Library SQLCONNECTION - Undefined

