Form c:\au2.2.5\transaction_settings\vouwiz.scx has the following errors:
    Unknown NEWDECRY - Undefined
    Unknown DEC - Undefined
    Unknown NEWENCRY - Undefined
    Unknown BARSTAT - Undefined
    Unknown UEGETPOP - Undefined
    File NXTREC_S.GIF - Undefined
    File NXTREC_S-OFF.GIF - Undefined
    File PRVREC_S1.GIF - Undefined
    File LSTREC_S-OFF.GIF - Undefined
    File PRVREC_S.GIF - Undefined
    File PRVREC_S-OFF.GIF - Undefined
    File FIRST.GIF - Undefined
    File FRSREC_S-OFF.GIF - Undefined
    File FOLDER_OPEN.GIF - Undefined

Program c:\au2.2.5\transaction_settings\main.prg has the following errors:
    Unknown APPVERCHK - Undefined

Form c:\au2.2.5\transaction_settings\frmuomchk.scx has the following errors:
    Unknown BARSTAT - Undefined

Form c:\au2.2.5\transaction_settings\frmpickup.scx has the following errors:
    Unknown BARSTAT - Undefined
    Unknown UEJOUR_OP - Undefined

Form c:\au2.2.5\transaction_settings\frmautoposting.scx has the following errors:
    Unknown BARSTAT - Undefined
    Unknown UEGETPOP - Undefined

Form c:\au2.2.5\transaction_settings\frminvsr.scx has the following errors:
    Unknown BARSTAT - Undefined

Form c:\au2.2.5\transaction_settings\frmtranfor.scx has the following errors:
    Unknown BARSTAT - Undefined

Form c:\au2.2.5\transaction_settings\frmitemwiseautotran.scx has the following errors:
    Unknown BARSTAT - Undefined
    Unknown UEGETPOP - Undefined

