Form e:\...\projects\au_2.2.5 projects\bug_33475\approval\approval\frmapproval.scx has the following errors:
    Proc./Func. UENRENTRY - Undefined
    Unknown BARSTAT - Undefined
    Unknown UDAPPVOUAPPROVAL - Undefined
    Unknown UDTRIGVOUAPPROVAL - Undefined
    Unknown UETRIGVOUAPPROVAL - Undefined
    Unknown UEGETPOP - Undefined
    File COMMENT_APPROVAL.GIF - Undefined
    File CANCEL.GIF - Undefined
    Proc./Func. TOUEVOUCHER - Undefined
    Application UDAPPAPPROVALINIT - Undefined
    Program UDTRIGAPPROVALINIT - Undefined
    Proc./Func. UETRIGAPPROVALINIT - Undefined
    Application UDAPPAPPROVALREFRESH - Undefined
    Program UDTRIGAPPROVALREFRESH - Undefined
    Proc./Func. UETRIGAPPROVALREFRESH - Undefined

Program e:\...\projects\au_2.2.5 projects\bug_33475\approval\approval\main.prg has the following errors:
    Unknown APPVERCHK - Undefined

Visual Class Library e:\...\projects\au_2.2.5 projects\bug_33475\approval\approval\_base.vcx has the following errors:
    Program SETOBJRF - Undefined

Program e:\...\projects\au_2.2.5 projects\bug_33475\approval\approval\locaterecords.prg has the following errors:
    Visual Class Library SQLCONNECTION - Undefined

